  GeometryShaderLayer.cpp
I:\CPP_Team\UnitWorld\UnitWorld\UnitWorld\Debug\ConsoleLog.h(6,1): warning C4005: DEBUG: изменение макроопределения
I:\CPP_Team\UnitWorld\UnitWorld\UnitWorld\Layers\GeometryShaderLayer.cpp : message : см. предыдущее определение "DEBUG"
I:\CPP_Team\UnitWorld\UnitWorld\UnitWorld\Buffer\BufferLayout.h(34,3): warning C4551: в вызове функции отсутствует список аргументов
I:\CPP_Team\UnitWorld\UnitWorld\UnitWorld\Buffer\BufferLayout.h(71,4): warning C4551: в вызове функции отсутствует список аргументов
I:\CPP_Team\UnitWorld\UnitWorld\UnitWorld\Layers\GeometryShaderLayer.cpp(67,83): warning C4267: аргумент: преобразование из "size_t" в "uint32_t"; возможна потеря данных
I:\CPP_Team\UnitWorld\UnitWorld\UnitWorld\Layers\GeometryShaderLayer.cpp(68,55): warning C4267: аргумент: преобразование из "size_t" в "uint32_t"; возможна потеря данных
I:\CPP_Team\UnitWorld\UnitWorld\UnitWorld\Layers\GeometryShaderLayer.cpp(111,41): warning C4267: аргумент: преобразование из "size_t" в "_Ty"; возможна потеря данных
          with
          [
              _Ty=uint32_t
          ]
C:\Program Files (x86)\Microsoft Visual Studio\2019\Community\VC\Tools\MSVC\14.28.29910\include\xmemory(695,1): warning C4267: аргумент: преобразование из "size_t" в "int"; возможна потеря данных
C:\Program Files (x86)\Microsoft Visual Studio\2019\Community\VC\Tools\MSVC\14.28.29910\include\vector(689): message : выполняется компиляция ссылки на экземпляр шаблон функции "void std::_Default_allocator_traits<_Alloc>::construct<_Ty,glm::vec<3,float,glm::packed_highp>,unsigned __int64,int>(_Alloc &,_Objty *const ,glm::vec<3,float,glm::packed_highp> &&,unsigned __int64 &&,int &&)"
          with
          [
              _Alloc=std::allocator<LM::GeometryShaderLayer::Point>,
              _Ty=LM::GeometryShaderLayer::Point,
              _Objty=LM::GeometryShaderLayer::Point
          ]
C:\Program Files (x86)\Microsoft Visual Studio\2019\Community\VC\Tools\MSVC\14.28.29910\include\vector(694): message : выполняется компиляция ссылки на экземпляр шаблон функции "void std::_Default_allocator_traits<_Alloc>::construct<_Ty,glm::vec<3,float,glm::packed_highp>,unsigned __int64,int>(_Alloc &,_Objty *const ,glm::vec<3,float,glm::packed_highp> &&,unsigned __int64 &&,int &&)"
          with
          [
              _Alloc=std::allocator<LM::GeometryShaderLayer::Point>,
              _Ty=LM::GeometryShaderLayer::Point,
              _Objty=LM::GeometryShaderLayer::Point
          ]
C:\Program Files (x86)\Microsoft Visual Studio\2019\Community\VC\Tools\MSVC\14.28.29910\include\vector(707): message : выполняется компиляция ссылки на экземпляр шаблон функции "_Ty &std::vector<_Ty,std::allocator<_Ty>>::_Emplace_back_with_unused_capacity<glm::vec<3,float,glm::packed_highp>,unsigned __int64,int>(glm::vec<3,float,glm::packed_highp> &&,unsigned __int64 &&,int &&)"
          with
          [
              _Ty=LM::GeometryShaderLayer::Point
          ]
I:\CPP_Team\UnitWorld\UnitWorld\UnitWorld\Layers\GeometryShaderLayer.cpp(110): message : выполняется компиляция ссылки на экземпляр шаблон функции "_Ty &std::vector<_Ty,std::allocator<_Ty>>::emplace_back<glm::vec3,unsigned __int64,int>(glm::vec3 &&,unsigned __int64 &&,int &&)"
          with
          [
              _Ty=LM::GeometryShaderLayer::Point
          ]
  UnitWorld.vcxproj -> I:\CPP_Team\UnitWorld\UnitWorld\bin\Debug\UnitWorld\UnitWorld.exe

Итоги по проекту:
     5832 мс вызовов   1 I:\CPP_Team\UnitWorld\UnitWorld\UnitWorld\UnitWorld.vcxproj
               5832 мс вызовов   1 Build                                   

Итоги по целям:
        0 мс вызовов   1 _BuildCompileAction                     
        0 мс вызовов   1 PreLinkEvent                            
        0 мс вызовов   1 PrepareResourceNames                    
        0 мс вызовов   1 CreateCustomManifestResourceNames       
        0 мс вызовов   1 ComputeLinkInputsFromProject            
        0 мс вызовов   1 ComputeManifestGeneratedLinkerInputs    
        0 мс вызовов   1 ComputeRCOutputs                        
        0 мс вызовов   1 BeforeLink                              
        0 мс вызовов   1 ComputeLegacyManifestEmbedding          
        0 мс вызовов   1 BuildCompile                            
        0 мс вызовов   1 AfterBuildCompileEvent                  
        0 мс вызовов   1 _ResourceCompile                        
        0 мс вызовов   1 AfterResourceCompile                    
        0 мс вызовов   1 BeforeResourceCompile                   
        0 мс вызовов   1 _ClCompile                              
        0 мс вызовов   1 AfterClCompile                          
        0 мс вызовов   1 GetReferencedVCProjectsInfo             
        0 мс вызовов   1 FindReferenceAssembliesForReferences    
        0 мс вызовов   1 AfterLink                               
        0 мс вызовов   1 ComputeCLInputPDBName                   
        0 мс вызовов   1 _Link                                   
        0 мс вызовов   1 _Manifest                               
        0 мс вызовов   1 AfterBuild                              
        0 мс вызовов   1 BuildLink                               
        0 мс вызовов   1 PostBuildEvent                          
        0 мс вызовов   1 PrepareForRun                           
        0 мс вызовов   1 _CheckForCompileOutputs                 
        0 мс вызовов   1 _CopySourceItemsToOutputDirectory       
        0 мс вызовов   1 GetCopyToOutputDirectoryXamlAppDefs     
        0 мс вызовов   1 _Deploy                                 
        0 мс вызовов   1 _Appverifier                            
        0 мс вызовов   1 CreateSatelliteAssemblies               
        0 мс вызовов   1 BuiltProjectOutputGroup                 
        0 мс вызовов   1 _BscMake                                
        0 мс вызовов   1 MakeDirsForBscMake                      
        0 мс вызовов   1 ComputeCLCompileGeneratedSbrFiles       
        0 мс вызовов   1 _XdcMake                                
        0 мс вызовов   1 MakeDirsForXdcMake                      
        0 мс вызовов   1 ResolvedXDCMake                         
        0 мс вызовов   1 _ALink                                  
        0 мс вызовов   1 BeforeClCompile                         
        0 мс вызовов   1 Build                                   
        0 мс вызовов   1 BuildGenerateSources                    
        0 мс вызовов   1 SetCABuildNativeEnvironmentVariables    
        0 мс вызовов   1 GetResolvedWinMD                        
        0 мс вызовов   1 PreBuildEvent                           
        0 мс вызовов   1 ResolveSDKReferences                    
        0 мс вызовов   1 BeforeBuildGenerateSources              
        0 мс вызовов   1 _Xsd                                    
        0 мс вызовов   1 PrepareProjectReferences                
        0 мс вызовов   1 ComputeMIDLGeneratedCompileInputs       
        0 мс вызовов   1 SelectCustomBuild                       
        0 мс вызовов   1 AfterMidl                               
        0 мс вызовов   1 _AddOutputPathToGlobalPropertiesToRemove
        0 мс вызовов   1 ExpandSDKReferences                     
        0 мс вызовов   1 ResolveAssemblyReferences               
        0 мс вызовов   1 AfterResolveReferences                  
        0 мс вызовов   1 _PrepareForReferenceResolution          
        0 мс вызовов   1 AfterBuildGenerateSources               
        0 мс вызовов   1 AfterBuildGenerateSourcesEvent          
        0 мс вызовов   1 _BuildGenerateSourcesAction             
        0 мс вызовов   1 _Midl                                   
        0 мс вызовов   1 _SelectedFiles                          
        0 мс вызовов   1 _PopulateCommonStateForGetCopyToOutputDirectoryItems
        0 мс вызовов   1 BeforeResolveReferences                 
        0 мс вызовов   1 MakeDirsForFxc                          
        0 мс вызовов   1 _SplitProjectReferencesByFileExistence  
        0 мс вызовов   1 ComputeCustomBuildOutput                
        0 мс вызовов   1 GetReferenceAssemblyPaths               
        0 мс вызовов   1 GetFrameworkPaths                       
        0 мс вызовов   1 BuildCompileTraverse                    
        0 мс вызовов   1 _GetCopyToOutputDirectoryItemsFromThisProject
        0 мс вызовов   1 CopyFilesToOutputDirectory              
        0 мс вызовов   1 ComputeCLCompileGeneratedXDCFiles       
        0 мс вызовов   1 ResolveReferences                       
        0 мс вызовов   1 ComputeLinkImportLibraryOutputsForClean 
        0 мс вызовов   1 BuildLinkTraverse                       
        0 мс вызовов   1 BuildGenerateSourcesTraverse            
        0 мс вызовов   1 ComputeManifestInputsTargets            
        0 мс вызовов   1 ComputeCLGeneratedLinkInputs            
        0 мс вызовов   1 ComputeRCGeneratedLinkInputs            
        0 мс вызовов   1 MakeDirsForResourceCompile              
        0 мс вызовов   1 ComputeLinkSwitches                     
        0 мс вызовов   1 _PrepareForBuild                        
        0 мс вызовов   1 _GetCopyToOutputDirectoryItemsFromTransitiveProjectReferences
        0 мс вызовов   1 SelectClCompile                         
        0 мс вызовов   1 CopyFileToFolders                       
        0 мс вызовов   1 _BuildLinkAction                        
        1 мс вызовов   1 DoLinkOutputFilesMatch                  
        1 мс вызовов   1 _CheckWindowsSDKInstalled               
        1 мс вызовов   1 RegisterOutput                          
        1 мс вызовов   1 MakeDirsForMidl                         
        1 мс вызовов   1 _GenerateSatelliteAssemblyInputs        
        1 мс вызовов   1 SetBuildDefaultEnvironmentVariables     
        1 мс вызовов   1 ContentFilesProjectOutputGroup          
        1 мс вызовов   1 IncrementalClean                        
        1 мс вызовов   1 _GetProjectReferenceTargetFrameworkProperties
        1 мс вызовов   1 MakeDirsForLink                         
        2 мс вызовов   1 SatelliteDllsProjectOutputGroup         
        2 мс вызовов   1 FinalizeBuildStatus                     
        2 мс вызовов   1 SplitResourcesByCulture                 
        2 мс вызовов   1 AssignProjectConfiguration              
        2 мс вызовов   1 AssignTargetPaths                       
        3 мс вызовов   1 GetCopyToOutputDirectoryItems           
        7 мс вызовов   1 ComputeCLOutputs                        
        9 мс вызовов   1 FixupCLCompileOptions                   
       11 мс вызовов   1 MakeDirsForCl                           
       11 мс вызовов   1 CustomBuild                             
       13 мс вызовов   1 SetTelemetryEnvironmentVariables        
       16 мс вызовов   1 _CleanGetCurrentAndPriorFileWrites      
       21 мс вызовов   1 CreateRecipeFile                        
       24 мс вызовов   1 ComputeReferenceCLInput                 
       25 мс вызовов   1 WarnCompileDuplicatedFilename           
       79 мс вызовов   1 PrepareForBuild                         
       79 мс вызовов   1 ResolveProjectReferences                
      110 мс вызовов   1 InitializeBuildStatus                   
      131 мс вызовов   1 _CheckForInvalidConfigurationAndPlatform
     1045 мс вызовов   1 Link                                    
     4202 мс вызовов   1 ClCompile                               

Итоги по задачам:
        0 мс вызовов   1 MSBuild                                 
        1 мс вызовов   1 ConvertToAbsolutePath                   
        1 мс вызовов   2 RemoveDuplicates                        
        1 мс вызовов   1 AssignCulture                           
        1 мс вызовов   2 CreateItem                              
        2 мс вызовов   7 AssignTargetPath                        
        2 мс вызовов   2 CallTarget                              
        2 мс вызовов   1 CheckVCToolsetVersion                   
        2 мс вызовов   8 SetEnv                                  
        2 мс вызовов   1 AssignProjectConfiguration              
        2 мс вызовов  10 MakeDir                                 
        2 мс вызовов   2 Delete                                  
       11 мс вызовов   2 ReadLinesFromFile                       
       12 мс вызовов   3 GetOutOfDateItems                       
       13 мс вызовов   5 FindUnderPath                           
       21 мс вызовов   1 GenerateDesktopDeployRecipe             
       30 мс вызовов   3 Message                                 
       40 мс вызовов   2 Touch                                   
       58 мс вызовов   1 WriteLinesToFile                        
     1038 мс вызовов   1 Link                                    
     4181 мс вызовов   1 CL                                      
